<?xml version="1.0" encoding="UTF-8"?>
<!-- Generated by org.testng.reporters.JUnitXMLReporter -->
<testsuite hostname="LAPTOP-AC6UL8N4" ignored="0" name="Default test" tests="3" failures="0" timestamp="2022-07-07T11:02:22 IST" time="20.999" errors="0">
  <testcase name="verifyCreateBooking" time="7.101" classname="hotelbooking.HotelBookingTestCases"/>
  <testcase name="updateCreatedBooking" time="6.216" classname="hotelbooking.HotelBookingTestCases"/>
  <testcase name="deleteCreatedBooking" time="7.605" classname="hotelbooking.HotelBookingTestCases"/>
</testsuite> <!-- Default test -->
